[debug] > Exec(early(addDefaultCommands), None, None)
[debug] > Exec(addDefaultCommands, None, None)
[debug] > Exec(early(initialize), None, None)
[debug] > Exec(initialize, None, None)
[debug] > Exec(boot, None, None)
[debug] > Exec(writeSbtVersion, None, None)
[debug] > Exec(reload, None, None)
[debug] > Exec(sbtStashOnFailure, None, None)
[debug] > Exec(onFailure loadFailed, None, None)
[debug] > Exec(loadp, None, None)
[info] welcome to sbt 1.11.7 (Oracle Corporation Java 17.0.12)
[debug] Load.defaultLoad until apply took 499.486167ms
[debug]           Load.loadUnit: plugins took 601.313917ms
[debug]           Load.loadUnit: defsScala took 0.696291ms
[debug] [Loading] Scanning directory /Users/berkentaylangedik/IdeaProjects/Scala2/project
[debug] [Loading] Found non-root projects 
[debug] [Loading] Done in /Users/berkentaylangedik/IdeaProjects/Scala2/project, returning: ()
[debug] deducing auto plugins based on known facts Set(Atom(sbt.plugins.CorePlugin)) and clauses Clauses(Clause(Atom(sbt.plugins.JvmPlugin),Set(Atom(sbt.plugins.IvyPlugin)))
[debug] Clause(Atom(sbt.ScriptedPlugin),Set(Atom(sbt.plugins.JvmPlugin)))
[debug] Clause(Atom(sbt.plugins.SbtPlugin),Set(Atom(sbt.ScriptedPlugin)))
[debug] Clause(Atom(sbt.plugins.SemanticdbPlugin),Set(Atom(sbt.plugins.JvmPlugin)))
[debug] Clause(Atom(sbt.plugins.JUnitXmlReportPlugin),Set(Atom(sbt.plugins.JvmPlugin)))
[debug] Clause(Atom(sbt.plugins.MiniDependencyTreePlugin),Set(Atom(sbt.plugins.JvmPlugin)))
[debug] Clause(Atom(sbt.plugins.CorePlugin),Set(Atom(sbt.plugins.IvyPlugin)))
[debug] Clause(Atom(sbt.plugins.IvyPlugin),Set(Atom(sbt.plugins.JvmPlugin)))
[debug] Clause(Atom(sbt.plugins.JvmPlugin),Set(Atom(sbt.plugins.SemanticdbPlugin)))
[debug] Clause(Atom(sbt.plugins.JvmPlugin),Set(Atom(sbt.plugins.JUnitXmlReportPlugin)))
[debug] Clause(Atom(sbt.plugins.CorePlugin),Set(Atom(sbt.plugins.Giter8TemplatePlugin)))
[debug] Clause(Atom(sbt.plugins.JvmPlugin),Set(Atom(sbt.plugins.MiniDependencyTreePlugin))))
[debug]   :: deduced result: Matched(sbt.plugins.CorePlugin,sbt.plugins.Giter8TemplatePlugin,sbt.plugins.IvyPlugin,sbt.plugins.JvmPlugin,sbt.plugins.MiniDependencyTreePlugin,sbt.plugins.JUnitXmlReportPlugin,sbt.plugins.SemanticdbPlugin)
[debug] Plugins.deducer#function took 84.428708 ms
[debug]               Load.resolveProject(scala2-build) took 223.105ms
[debug]             Load.loadTransitive: finalizeProject(Project(id scala2-build, base: /Users/berkentaylangedik/IdeaProjects/Scala2/project, plugins: List(<none>))) took 345.489625ms
[debug] [Loading] Done in /Users/berkentaylangedik/IdeaProjects/Scala2/project, returning: (scala2-build)
[debug]           Load.loadUnit: loadedProjectsRaw took 374.886125ms
[debug]           Load.loadUnit: cleanEvalClasses took 0.6385ms
[debug]         Load.loadUnit(file:/Users/berkentaylangedik/IdeaProjects/Scala2/project/, ...) took 992.599417ms
[debug]       Load.apply: load took 1707.512375ms
[debug]       Load.apply: resolveProjects took 39.58775ms
[debug]       Load.apply: finalTransforms took 518.178916ms
[debug]       Load.apply: config.delegates took 66.544083ms
[debug]       Load.apply: Def.make(settings)... took 1051.482375ms
[debug]       Load.apply: structureIndex took 792.169416ms
[debug]       Load.apply: mkStreams took 1.690958ms
[info] loading project definition from /Users/berkentaylangedik/IdeaProjects/Scala2/project
[debug] Running task... Cancel: Signal, check cycles: false, forcegc: true
[debug]     Load.loadUnit: plugins took 15923.221375ms
[debug]     Load.loadUnit: defsScala took 0.005708ms
[debug] [Loading] Scanning directory /Users/berkentaylangedik/IdeaProjects/Scala2
[debug]       Load.loadUnit: mkEval took 11.904583ms
[debug] [Loading] Found root project root w/ remaining 
[debug] deducing auto plugins based on known facts Set(Atom(sbt.plugins.CorePlugin)) and clauses Clauses(Clause(Atom(sbt.plugins.JvmPlugin),Set(Atom(sbt.plugins.IvyPlugin)))
[debug] Clause(Atom(sbt.ScriptedPlugin),Set(Atom(sbt.plugins.JvmPlugin)))
[debug] Clause(Atom(sbt.plugins.SbtPlugin),Set(Atom(sbt.ScriptedPlugin)))
[debug] Clause(Atom(sbt.plugins.SemanticdbPlugin),Set(Atom(sbt.plugins.JvmPlugin)))
[debug] Clause(Atom(sbt.plugins.JUnitXmlReportPlugin),Set(Atom(sbt.plugins.JvmPlugin)))
[debug] Clause(Atom(sbt.plugins.MiniDependencyTreePlugin),Set(Atom(sbt.plugins.JvmPlugin)))
[debug] Clause(Atom(sbt.plugins.CorePlugin),Set(Atom(sbt.plugins.IvyPlugin)))
[debug] Clause(Atom(sbt.plugins.IvyPlugin),Set(Atom(sbt.plugins.JvmPlugin)))
[debug] Clause(Atom(sbt.plugins.JvmPlugin),Set(Atom(sbt.plugins.SemanticdbPlugin)))
[debug] Clause(Atom(sbt.plugins.JvmPlugin),Set(Atom(sbt.plugins.JUnitXmlReportPlugin)))
[debug] Clause(Atom(sbt.plugins.CorePlugin),Set(Atom(sbt.plugins.Giter8TemplatePlugin)))
[debug] Clause(Atom(sbt.plugins.JvmPlugin),Set(Atom(sbt.plugins.MiniDependencyTreePlugin))))
[debug]   :: deduced result: Matched(sbt.plugins.CorePlugin,sbt.plugins.Giter8TemplatePlugin,sbt.plugins.IvyPlugin,sbt.plugins.JvmPlugin,sbt.plugins.MiniDependencyTreePlugin,sbt.plugins.JUnitXmlReportPlugin,sbt.plugins.SemanticdbPlugin)
[debug] Plugins.deducer#function took 5.695708 ms
[info] loading settings for project root from build.sbt...
[debug]         Load.resolveProject(root) took 20.099458ms
[debug]       Load.loadTransitive: finalizeProject(Project(id root, base: /Users/berkentaylangedik/IdeaProjects/Scala2, plugins: List(<none>))) took 34.248ms
[debug] [Loading] Done in /Users/berkentaylangedik/IdeaProjects/Scala2, returning: (root)
[debug]     Load.loadUnit: loadedProjectsRaw took 20441.894709ms
[debug]     Load.loadUnit: cleanEvalClasses took 8.079333ms
[debug]   Load.loadUnit(file:/Users/berkentaylangedik/IdeaProjects/Scala2/, ...) took 36375.547167ms
[debug] Load.apply: load took 36567.500459ms
[debug] Load.apply: resolveProjects took 0.158ms
[debug] Load.apply: finalTransforms took 33.065667ms
[debug] Load.apply: config.delegates took 0.418125ms
[debug] Load.apply: Def.make(settings)... took 227.055208ms
[debug] Load.apply: structureIndex took 242.509417ms
[debug] Load.apply: mkStreams took 0.018083ms
[info] set current project to Scala2 (in build file:/Users/berkentaylangedik/IdeaProjects/Scala2/)
[debug] > Exec(sbtPopOnFailure, None, None)
[debug] > Exec(resumeFromFailure, None, None)
[debug] > Exec(notifyUsersAboutShell, None, None)
[debug] > Exec(iflast shell, None, None)
[debug] > Exec(shell, None, None)
[info] sbt server started at local:///Users/berkentaylangedik/.sbt/1.0/server/a087c92f4adabefe786d/sock
[debug] Writing bsp connection file
[info] started sbt server
